[18:03:10] [main/INFO] [LaunchWrapper]: Successfully scanned 220 paths for RFB plugins.
[18:03:10] [main/INFO] [LaunchWrapper]: Constructed RFB plugin gtnhlib@0.2.11 (GTNHLib): com.gtnewhorizon.gtnhlib.rfb.GTNHLibRfbPlugin (jar:file:///S:/Minecraft%20Backup/GT_New_Horizons_2.6.1_Server_Java_17-21/./mods/gtnhlib-0.2.11.jar!META-INF/rfb-plugin/gtnhlib.properties)
[18:03:10] [main/INFO] [LaunchWrapper]: Constructed RFB plugin hodgepodge@2.5.5 (Hodgepodge): com.mitchej123.hodgepodge.rfb.HodgepodgeRfbPlugin (jar:file:///S:/Minecraft%20Backup/GT_New_Horizons_2.6.1_Server_Java_17-21/./mods/hodgepodge-2.5.5.jar!META-INF/rfb-plugin/hodgepodge.properties)
[18:03:10] [main/DEBUG] [HodgePodgeEarly]: No existing configuration file. Will use defaults
[18:03:10] [main/INFO] [LaunchWrapper]: Constructed RFB plugin java@21.0.4 (Java): com.gtnewhorizons.rfbplugins.compat.DummyJavaPlugin (jar:file:/S:/Minecraft%20Backup/GT_New_Horizons_2.6.1_Server_Java_17-21/lwjgl3ify-forgePatches.jar!/com/gtnewhorizons/retrofuturabootstrap/plugin/PluginLoader.class)
[18:03:10] [main/INFO] [LaunchWrapper]: Constructed RFB plugin lwjgl3ify@2.0.9 (LWJGL3ify): me.eigenraven.lwjgl3ify.rfb.Lwjgl3ifyRfbPlugin (jar:file:///S:/Minecraft%20Backup/GT_New_Horizons_2.6.1_Server_Java_17-21/./mods/lwjgl3ify-2.0.9.jar!META-INF/rfb-plugin/lwjgl3ify.properties)
[18:03:10] [main/INFO] [LaunchWrapper]: Constructed RFB plugin rfb@1.0.2 (RetroFuturaBootstrap): com.gtnewhorizons.rfbplugins.compat.DummyRfbPlugin (jar:file:/S:/Minecraft%20Backup/GT_New_Horizons_2.6.1_Server_Java_17-21/lwjgl3ify-forgePatches.jar!/com/gtnewhorizons/retrofuturabootstrap/plugin/PluginLoader.class)
[18:03:10] [main/INFO] [LaunchWrapper]: Constructed RFB plugin rfb-asm-safety@1.0.2 (RFB ASM Safety): com.gtnewhorizons.rfbplugins.compat.AsmSafetyPlugin (jar:file:///S:/Minecraft%20Backup/GT_New_Horizons_2.6.1_Server_Java_17-21/lwjgl3ify-forgePatches.jar!META-INF/rfb-plugin/rfb-asm-safety.properties)
[18:03:10] [main/INFO] [LaunchWrapper]: Constructed RFB plugin rfb-modern-java@1.0.2 (RFB modern Java compatibility plugin): com.gtnewhorizons.rfbplugins.compat.ModernJavaCompatibilityPlugin (jar:file:///S:/Minecraft%20Backup/GT_New_Horizons_2.6.1_Server_Java_17-21/lwjgl3ify-forgePatches.jar!META-INF/rfb-plugin/rfb-modern-java.properties)
[18:03:10] [main/INFO] [LaunchWrapper]: Constructing tweaker cpw.mods.fml.common.launcher.FMLServerTweaker
[18:03:10] [main/INFO] [LaunchWrapper]: Installing tweaker cpw.mods.fml.common.launcher.FMLServerTweaker
[18:12:23] [main/INFO] [LaunchWrapper]: Successfully scanned 221 paths for RFB plugins.
[18:12:23] [main/INFO] [LaunchWrapper]: Constructed RFB plugin gtnhlib@0.2.11 (GTNHLib): com.gtnewhorizon.gtnhlib.rfb.GTNHLibRfbPlugin (jar:file:///S:/Minecraft%20Backup/GT_New_Horizons_2.6.1_Server_Java_17-21/./mods/gtnhlib-0.2.11.jar!META-INF/rfb-plugin/gtnhlib.properties)
[18:12:23] [main/INFO] [LaunchWrapper]: Constructed RFB plugin hodgepodge@2.5.5 (Hodgepodge): com.mitchej123.hodgepodge.rfb.HodgepodgeRfbPlugin (jar:file:///S:/Minecraft%20Backup/GT_New_Horizons_2.6.1_Server_Java_17-21/./mods/hodgepodge-2.5.5.jar!META-INF/rfb-plugin/hodgepodge.properties)
[18:12:23] [main/INFO] [LaunchWrapper]: Constructed RFB plugin java@21.0.4 (Java): com.gtnewhorizons.rfbplugins.compat.DummyJavaPlugin (jar:file:/S:/Minecraft%20Backup/GT_New_Horizons_2.6.1_Server_Java_17-21/lwjgl3ify-forgePatches.jar!/com/gtnewhorizons/retrofuturabootstrap/plugin/PluginLoader.class)
[18:12:23] [main/INFO] [LaunchWrapper]: Constructed RFB plugin lwjgl3ify@2.0.9 (LWJGL3ify): me.eigenraven.lwjgl3ify.rfb.Lwjgl3ifyRfbPlugin (jar:file:///S:/Minecraft%20Backup/GT_New_Horizons_2.6.1_Server_Java_17-21/./mods/lwjgl3ify-2.0.9.jar!META-INF/rfb-plugin/lwjgl3ify.properties)
[18:12:23] [main/INFO] [LaunchWrapper]: Constructed RFB plugin rfb@1.0.2 (RetroFuturaBootstrap): com.gtnewhorizons.rfbplugins.compat.DummyRfbPlugin (jar:file:/S:/Minecraft%20Backup/GT_New_Horizons_2.6.1_Server_Java_17-21/lwjgl3ify-forgePatches.jar!/com/gtnewhorizons/retrofuturabootstrap/plugin/PluginLoader.class)
[18:12:23] [main/INFO] [LaunchWrapper]: Constructed RFB plugin rfb-asm-safety@1.0.2 (RFB ASM Safety): com.gtnewhorizons.rfbplugins.compat.AsmSafetyPlugin (jar:file:///S:/Minecraft%20Backup/GT_New_Horizons_2.6.1_Server_Java_17-21/lwjgl3ify-forgePatches.jar!META-INF/rfb-plugin/rfb-asm-safety.properties)
[18:12:23] [main/INFO] [LaunchWrapper]: Constructed RFB plugin rfb-modern-java@1.0.2 (RFB modern Java compatibility plugin): com.gtnewhorizons.rfbplugins.compat.ModernJavaCompatibilityPlugin (jar:file:///S:/Minecraft%20Backup/GT_New_Horizons_2.6.1_Server_Java_17-21/lwjgl3ify-forgePatches.jar!META-INF/rfb-plugin/rfb-modern-java.properties)
[18:12:23] [main/INFO] [LaunchWrapper]: Constructing tweaker cpw.mods.fml.common.launcher.FMLServerTweaker
[18:12:23] [main/INFO] [LaunchWrapper]: Installing tweaker cpw.mods.fml.common.launcher.FMLServerTweaker
[10:44:58] [main/INFO] [LaunchWrapper]: Successfully scanned 221 paths for RFB plugins.
[10:44:58] [main/INFO] [LaunchWrapper]: Constructed RFB plugin gtnhlib@0.2.11 (GTNHLib): com.gtnewhorizon.gtnhlib.rfb.GTNHLibRfbPlugin (jar:file:///S:/Minecraft%20Backup/GT_New_Horizons_2.6.1_Server_Java_17-21/./mods/gtnhlib-0.2.11.jar!META-INF/rfb-plugin/gtnhlib.properties)
[10:44:58] [main/INFO] [LaunchWrapper]: Constructed RFB plugin hodgepodge@2.5.5 (Hodgepodge): com.mitchej123.hodgepodge.rfb.HodgepodgeRfbPlugin (jar:file:///S:/Minecraft%20Backup/GT_New_Horizons_2.6.1_Server_Java_17-21/./mods/hodgepodge-2.5.5.jar!META-INF/rfb-plugin/hodgepodge.properties)
[10:44:58] [main/INFO] [LaunchWrapper]: Constructed RFB plugin java@21.0.4 (Java): com.gtnewhorizons.rfbplugins.compat.DummyJavaPlugin (jar:file:/S:/Minecraft%20Backup/GT_New_Horizons_2.6.1_Server_Java_17-21/lwjgl3ify-forgePatches.jar!/com/gtnewhorizons/retrofuturabootstrap/plugin/PluginLoader.class)
[10:44:58] [main/INFO] [LaunchWrapper]: Constructed RFB plugin lwjgl3ify@2.0.9 (LWJGL3ify): me.eigenraven.lwjgl3ify.rfb.Lwjgl3ifyRfbPlugin (jar:file:///S:/Minecraft%20Backup/GT_New_Horizons_2.6.1_Server_Java_17-21/./mods/lwjgl3ify-2.0.9.jar!META-INF/rfb-plugin/lwjgl3ify.properties)
[10:44:58] [main/INFO] [LaunchWrapper]: Constructed RFB plugin rfb@1.0.2 (RetroFuturaBootstrap): com.gtnewhorizons.rfbplugins.compat.DummyRfbPlugin (jar:file:/S:/Minecraft%20Backup/GT_New_Horizons_2.6.1_Server_Java_17-21/lwjgl3ify-forgePatches.jar!/com/gtnewhorizons/retrofuturabootstrap/plugin/PluginLoader.class)
[10:44:58] [main/INFO] [LaunchWrapper]: Constructed RFB plugin rfb-asm-safety@1.0.2 (RFB ASM Safety): com.gtnewhorizons.rfbplugins.compat.AsmSafetyPlugin (jar:file:///S:/Minecraft%20Backup/GT_New_Horizons_2.6.1_Server_Java_17-21/lwjgl3ify-forgePatches.jar!META-INF/rfb-plugin/rfb-asm-safety.properties)
[10:44:58] [main/INFO] [LaunchWrapper]: Constructed RFB plugin rfb-modern-java@1.0.2 (RFB modern Java compatibility plugin): com.gtnewhorizons.rfbplugins.compat.ModernJavaCompatibilityPlugin (jar:file:///S:/Minecraft%20Backup/GT_New_Horizons_2.6.1_Server_Java_17-21/lwjgl3ify-forgePatches.jar!META-INF/rfb-plugin/rfb-modern-java.properties)
[10:44:58] [main/INFO] [LaunchWrapper]: Constructing tweaker cpw.mods.fml.common.launcher.FMLServerTweaker
[10:44:58] [main/INFO] [LaunchWrapper]: Installing tweaker cpw.mods.fml.common.launcher.FMLServerTweaker
[11:26:10] [main/INFO] [LaunchWrapper]: Successfully scanned 221 paths for RFB plugins.
[11:26:10] [main/INFO] [LaunchWrapper]: Constructed RFB plugin gtnhlib@0.2.11 (GTNHLib): com.gtnewhorizon.gtnhlib.rfb.GTNHLibRfbPlugin (jar:file:///S:/Minecraft%20Backup/GT_New_Horizons_2.6.1_Server_Java_17-21/./mods/gtnhlib-0.2.11.jar!META-INF/rfb-plugin/gtnhlib.properties)
[11:26:10] [main/INFO] [LaunchWrapper]: Constructed RFB plugin hodgepodge@2.5.5 (Hodgepodge): com.mitchej123.hodgepodge.rfb.HodgepodgeRfbPlugin (jar:file:///S:/Minecraft%20Backup/GT_New_Horizons_2.6.1_Server_Java_17-21/./mods/hodgepodge-2.5.5.jar!META-INF/rfb-plugin/hodgepodge.properties)
[11:26:10] [main/INFO] [LaunchWrapper]: Constructed RFB plugin java@21.0.4 (Java): com.gtnewhorizons.rfbplugins.compat.DummyJavaPlugin (jar:file:/S:/Minecraft%20Backup/GT_New_Horizons_2.6.1_Server_Java_17-21/lwjgl3ify-forgePatches.jar!/com/gtnewhorizons/retrofuturabootstrap/plugin/PluginLoader.class)
[11:26:10] [main/INFO] [LaunchWrapper]: Constructed RFB plugin lwjgl3ify@2.0.9 (LWJGL3ify): me.eigenraven.lwjgl3ify.rfb.Lwjgl3ifyRfbPlugin (jar:file:///S:/Minecraft%20Backup/GT_New_Horizons_2.6.1_Server_Java_17-21/./mods/lwjgl3ify-2.0.9.jar!META-INF/rfb-plugin/lwjgl3ify.properties)
[11:26:10] [main/INFO] [LaunchWrapper]: Constructed RFB plugin rfb@1.0.2 (RetroFuturaBootstrap): com.gtnewhorizons.rfbplugins.compat.DummyRfbPlugin (jar:file:/S:/Minecraft%20Backup/GT_New_Horizons_2.6.1_Server_Java_17-21/lwjgl3ify-forgePatches.jar!/com/gtnewhorizons/retrofuturabootstrap/plugin/PluginLoader.class)
[11:26:10] [main/INFO] [LaunchWrapper]: Constructed RFB plugin rfb-asm-safety@1.0.2 (RFB ASM Safety): com.gtnewhorizons.rfbplugins.compat.AsmSafetyPlugin (jar:file:///S:/Minecraft%20Backup/GT_New_Horizons_2.6.1_Server_Java_17-21/lwjgl3ify-forgePatches.jar!META-INF/rfb-plugin/rfb-asm-safety.properties)
[11:26:10] [main/INFO] [LaunchWrapper]: Constructed RFB plugin rfb-modern-java@1.0.2 (RFB modern Java compatibility plugin): com.gtnewhorizons.rfbplugins.compat.ModernJavaCompatibilityPlugin (jar:file:///S:/Minecraft%20Backup/GT_New_Horizons_2.6.1_Server_Java_17-21/lwjgl3ify-forgePatches.jar!META-INF/rfb-plugin/rfb-modern-java.properties)
[11:26:10] [main/INFO] [LaunchWrapper]: Constructing tweaker cpw.mods.fml.common.launcher.FMLServerTweaker
[11:26:10] [main/INFO] [LaunchWrapper]: Installing tweaker cpw.mods.fml.common.launcher.FMLServerTweaker
[10:21:04] [main/INFO] [LaunchWrapper]: Successfully scanned 221 paths for RFB plugins.
[10:21:04] [main/INFO] [LaunchWrapper]: Constructed RFB plugin gtnhlib@0.2.11 (GTNHLib): com.gtnewhorizon.gtnhlib.rfb.GTNHLibRfbPlugin (jar:file:///S:/Minecraft%20Backup/GT_New_Horizons_2.6.1_Server_Java_17-21/./mods/gtnhlib-0.2.11.jar!META-INF/rfb-plugin/gtnhlib.properties)
[10:21:04] [main/INFO] [LaunchWrapper]: Constructed RFB plugin hodgepodge@2.5.5 (Hodgepodge): com.mitchej123.hodgepodge.rfb.HodgepodgeRfbPlugin (jar:file:///S:/Minecraft%20Backup/GT_New_Horizons_2.6.1_Server_Java_17-21/./mods/hodgepodge-2.5.5.jar!META-INF/rfb-plugin/hodgepodge.properties)
[10:21:04] [main/INFO] [LaunchWrapper]: Constructed RFB plugin java@21.0.4 (Java): com.gtnewhorizons.rfbplugins.compat.DummyJavaPlugin (jar:file:/S:/Minecraft%20Backup/GT_New_Horizons_2.6.1_Server_Java_17-21/lwjgl3ify-forgePatches.jar!/com/gtnewhorizons/retrofuturabootstrap/plugin/PluginLoader.class)
[10:21:04] [main/INFO] [LaunchWrapper]: Constructed RFB plugin lwjgl3ify@2.0.9 (LWJGL3ify): me.eigenraven.lwjgl3ify.rfb.Lwjgl3ifyRfbPlugin (jar:file:///S:/Minecraft%20Backup/GT_New_Horizons_2.6.1_Server_Java_17-21/./mods/lwjgl3ify-2.0.9.jar!META-INF/rfb-plugin/lwjgl3ify.properties)
[10:21:04] [main/INFO] [LaunchWrapper]: Constructed RFB plugin rfb@1.0.2 (RetroFuturaBootstrap): com.gtnewhorizons.rfbplugins.compat.DummyRfbPlugin (jar:file:/S:/Minecraft%20Backup/GT_New_Horizons_2.6.1_Server_Java_17-21/lwjgl3ify-forgePatches.jar!/com/gtnewhorizons/retrofuturabootstrap/plugin/PluginLoader.class)
[10:21:04] [main/INFO] [LaunchWrapper]: Constructed RFB plugin rfb-asm-safety@1.0.2 (RFB ASM Safety): com.gtnewhorizons.rfbplugins.compat.AsmSafetyPlugin (jar:file:///S:/Minecraft%20Backup/GT_New_Horizons_2.6.1_Server_Java_17-21/lwjgl3ify-forgePatches.jar!META-INF/rfb-plugin/rfb-asm-safety.properties)
[10:21:04] [main/INFO] [LaunchWrapper]: Constructed RFB plugin rfb-modern-java@1.0.2 (RFB modern Java compatibility plugin): com.gtnewhorizons.rfbplugins.compat.ModernJavaCompatibilityPlugin (jar:file:///S:/Minecraft%20Backup/GT_New_Horizons_2.6.1_Server_Java_17-21/lwjgl3ify-forgePatches.jar!META-INF/rfb-plugin/rfb-modern-java.properties)
[10:21:05] [main/INFO] [LaunchWrapper]: Constructing tweaker cpw.mods.fml.common.launcher.FMLServerTweaker
[10:21:05] [main/INFO] [LaunchWrapper]: Installing tweaker cpw.mods.fml.common.launcher.FMLServerTweaker
[14:10:35] [main/INFO] [LaunchWrapper]: Successfully scanned 221 paths for RFB plugins.
[14:10:35] [main/INFO] [LaunchWrapper]: Constructed RFB plugin gtnhlib@0.2.11 (GTNHLib): com.gtnewhorizon.gtnhlib.rfb.GTNHLibRfbPlugin (jar:file:///S:/Minecraft%20Backup/GT_New_Horizons_2.6.1_Server_Java_17-21/./mods/gtnhlib-0.2.11.jar!META-INF/rfb-plugin/gtnhlib.properties)
[14:10:35] [main/INFO] [LaunchWrapper]: Constructed RFB plugin hodgepodge@2.5.5 (Hodgepodge): com.mitchej123.hodgepodge.rfb.HodgepodgeRfbPlugin (jar:file:///S:/Minecraft%20Backup/GT_New_Horizons_2.6.1_Server_Java_17-21/./mods/hodgepodge-2.5.5.jar!META-INF/rfb-plugin/hodgepodge.properties)
[14:10:35] [main/INFO] [LaunchWrapper]: Constructed RFB plugin java@21.0.4 (Java): com.gtnewhorizons.rfbplugins.compat.DummyJavaPlugin (jar:file:/S:/Minecraft%20Backup/GT_New_Horizons_2.6.1_Server_Java_17-21/lwjgl3ify-forgePatches.jar!/com/gtnewhorizons/retrofuturabootstrap/plugin/PluginLoader.class)
[14:10:35] [main/INFO] [LaunchWrapper]: Constructed RFB plugin lwjgl3ify@2.0.9 (LWJGL3ify): me.eigenraven.lwjgl3ify.rfb.Lwjgl3ifyRfbPlugin (jar:file:///S:/Minecraft%20Backup/GT_New_Horizons_2.6.1_Server_Java_17-21/./mods/lwjgl3ify-2.0.9.jar!META-INF/rfb-plugin/lwjgl3ify.properties)
[14:10:35] [main/INFO] [LaunchWrapper]: Constructed RFB plugin rfb@1.0.2 (RetroFuturaBootstrap): com.gtnewhorizons.rfbplugins.compat.DummyRfbPlugin (jar:file:/S:/Minecraft%20Backup/GT_New_Horizons_2.6.1_Server_Java_17-21/lwjgl3ify-forgePatches.jar!/com/gtnewhorizons/retrofuturabootstrap/plugin/PluginLoader.class)
[14:10:35] [main/INFO] [LaunchWrapper]: Constructed RFB plugin rfb-asm-safety@1.0.2 (RFB ASM Safety): com.gtnewhorizons.rfbplugins.compat.AsmSafetyPlugin (jar:file:///S:/Minecraft%20Backup/GT_New_Horizons_2.6.1_Server_Java_17-21/lwjgl3ify-forgePatches.jar!META-INF/rfb-plugin/rfb-asm-safety.properties)
[14:10:35] [main/INFO] [LaunchWrapper]: Constructed RFB plugin rfb-modern-java@1.0.2 (RFB modern Java compatibility plugin): com.gtnewhorizons.rfbplugins.compat.ModernJavaCompatibilityPlugin (jar:file:///S:/Minecraft%20Backup/GT_New_Horizons_2.6.1_Server_Java_17-21/lwjgl3ify-forgePatches.jar!META-INF/rfb-plugin/rfb-modern-java.properties)
[14:10:35] [main/INFO] [LaunchWrapper]: Constructing tweaker cpw.mods.fml.common.launcher.FMLServerTweaker
[14:10:35] [main/INFO] [LaunchWrapper]: Installing tweaker cpw.mods.fml.common.launcher.FMLServerTweaker
[00:24:16] [main/INFO] [LaunchWrapper]: Successfully scanned 221 paths for RFB plugins.
[00:24:16] [main/INFO] [LaunchWrapper]: Constructed RFB plugin gtnhlib@0.2.11 (GTNHLib): com.gtnewhorizon.gtnhlib.rfb.GTNHLibRfbPlugin (jar:file:///S:/Minecraft%20Backup/Minecraft%20GTNH%20Server/Minecraft-GTNH-Server/./mods/gtnhlib-0.2.11.jar!META-INF/rfb-plugin/gtnhlib.properties)
[00:24:16] [main/INFO] [LaunchWrapper]: Constructed RFB plugin hodgepodge@2.5.5 (Hodgepodge): com.mitchej123.hodgepodge.rfb.HodgepodgeRfbPlugin (jar:file:///S:/Minecraft%20Backup/Minecraft%20GTNH%20Server/Minecraft-GTNH-Server/./mods/hodgepodge-2.5.5.jar!META-INF/rfb-plugin/hodgepodge.properties)
[00:24:16] [main/INFO] [LaunchWrapper]: Constructed RFB plugin java@21.0.4 (Java): com.gtnewhorizons.rfbplugins.compat.DummyJavaPlugin (jar:file:/S:/Minecraft%20Backup/Minecraft%20GTNH%20Server/Minecraft-GTNH-Server/lwjgl3ify-forgePatches.jar!/com/gtnewhorizons/retrofuturabootstrap/plugin/PluginLoader.class)
[00:24:16] [main/INFO] [LaunchWrapper]: Constructed RFB plugin lwjgl3ify@2.0.9 (LWJGL3ify): me.eigenraven.lwjgl3ify.rfb.Lwjgl3ifyRfbPlugin (jar:file:///S:/Minecraft%20Backup/Minecraft%20GTNH%20Server/Minecraft-GTNH-Server/./mods/lwjgl3ify-2.0.9.jar!META-INF/rfb-plugin/lwjgl3ify.properties)
[00:24:16] [main/INFO] [LaunchWrapper]: Constructed RFB plugin rfb@1.0.2 (RetroFuturaBootstrap): com.gtnewhorizons.rfbplugins.compat.DummyRfbPlugin (jar:file:/S:/Minecraft%20Backup/Minecraft%20GTNH%20Server/Minecraft-GTNH-Server/lwjgl3ify-forgePatches.jar!/com/gtnewhorizons/retrofuturabootstrap/plugin/PluginLoader.class)
[00:24:16] [main/INFO] [LaunchWrapper]: Constructed RFB plugin rfb-asm-safety@1.0.2 (RFB ASM Safety): com.gtnewhorizons.rfbplugins.compat.AsmSafetyPlugin (jar:file:///S:/Minecraft%20Backup/Minecraft%20GTNH%20Server/Minecraft-GTNH-Server/lwjgl3ify-forgePatches.jar!META-INF/rfb-plugin/rfb-asm-safety.properties)
[00:24:16] [main/INFO] [LaunchWrapper]: Constructed RFB plugin rfb-modern-java@1.0.2 (RFB modern Java compatibility plugin): com.gtnewhorizons.rfbplugins.compat.ModernJavaCompatibilityPlugin (jar:file:///S:/Minecraft%20Backup/Minecraft%20GTNH%20Server/Minecraft-GTNH-Server/lwjgl3ify-forgePatches.jar!META-INF/rfb-plugin/rfb-modern-java.properties)
[00:24:16] [main/INFO] [LaunchWrapper]: Constructing tweaker cpw.mods.fml.common.launcher.FMLServerTweaker
[00:24:16] [main/INFO] [LaunchWrapper]: Installing tweaker cpw.mods.fml.common.launcher.FMLServerTweaker
[00:32:44] [main/INFO] [LaunchWrapper]: Successfully scanned 221 paths for RFB plugins.
[00:32:44] [main/INFO] [LaunchWrapper]: Constructed RFB plugin gtnhlib@0.2.11 (GTNHLib): com.gtnewhorizon.gtnhlib.rfb.GTNHLibRfbPlugin (jar:file:///S:/Minecraft%20Backup/Minecraft%20GTNH%20Server/Minecraft-GTNH-Server/./mods/gtnhlib-0.2.11.jar!META-INF/rfb-plugin/gtnhlib.properties)
[00:32:44] [main/INFO] [LaunchWrapper]: Constructed RFB plugin hodgepodge@2.5.5 (Hodgepodge): com.mitchej123.hodgepodge.rfb.HodgepodgeRfbPlugin (jar:file:///S:/Minecraft%20Backup/Minecraft%20GTNH%20Server/Minecraft-GTNH-Server/./mods/hodgepodge-2.5.5.jar!META-INF/rfb-plugin/hodgepodge.properties)
[00:32:44] [main/INFO] [LaunchWrapper]: Constructed RFB plugin java@21.0.4 (Java): com.gtnewhorizons.rfbplugins.compat.DummyJavaPlugin (jar:file:/S:/Minecraft%20Backup/Minecraft%20GTNH%20Server/Minecraft-GTNH-Server/lwjgl3ify-forgePatches.jar!/com/gtnewhorizons/retrofuturabootstrap/plugin/PluginLoader.class)
[00:32:44] [main/INFO] [LaunchWrapper]: Constructed RFB plugin lwjgl3ify@2.0.9 (LWJGL3ify): me.eigenraven.lwjgl3ify.rfb.Lwjgl3ifyRfbPlugin (jar:file:///S:/Minecraft%20Backup/Minecraft%20GTNH%20Server/Minecraft-GTNH-Server/./mods/lwjgl3ify-2.0.9.jar!META-INF/rfb-plugin/lwjgl3ify.properties)
[00:32:45] [main/INFO] [LaunchWrapper]: Constructed RFB plugin rfb@1.0.2 (RetroFuturaBootstrap): com.gtnewhorizons.rfbplugins.compat.DummyRfbPlugin (jar:file:/S:/Minecraft%20Backup/Minecraft%20GTNH%20Server/Minecraft-GTNH-Server/lwjgl3ify-forgePatches.jar!/com/gtnewhorizons/retrofuturabootstrap/plugin/PluginLoader.class)
[00:32:45] [main/INFO] [LaunchWrapper]: Constructed RFB plugin rfb-asm-safety@1.0.2 (RFB ASM Safety): com.gtnewhorizons.rfbplugins.compat.AsmSafetyPlugin (jar:file:///S:/Minecraft%20Backup/Minecraft%20GTNH%20Server/Minecraft-GTNH-Server/lwjgl3ify-forgePatches.jar!META-INF/rfb-plugin/rfb-asm-safety.properties)
[00:32:45] [main/INFO] [LaunchWrapper]: Constructed RFB plugin rfb-modern-java@1.0.2 (RFB modern Java compatibility plugin): com.gtnewhorizons.rfbplugins.compat.ModernJavaCompatibilityPlugin (jar:file:///S:/Minecraft%20Backup/Minecraft%20GTNH%20Server/Minecraft-GTNH-Server/lwjgl3ify-forgePatches.jar!META-INF/rfb-plugin/rfb-modern-java.properties)
[00:32:45] [main/INFO] [LaunchWrapper]: Constructing tweaker cpw.mods.fml.common.launcher.FMLServerTweaker
[00:32:45] [main/INFO] [LaunchWrapper]: Installing tweaker cpw.mods.fml.common.launcher.FMLServerTweaker
[00:40:35] [main/INFO] [LaunchWrapper]: Successfully scanned 221 paths for RFB plugins.
[00:40:35] [main/INFO] [LaunchWrapper]: Constructed RFB plugin gtnhlib@0.2.11 (GTNHLib): com.gtnewhorizon.gtnhlib.rfb.GTNHLibRfbPlugin (jar:file:///S:/Minecraft%20Backup/Minecraft%20GTNH%20Server/Minecraft-GTNH-Server/./mods/gtnhlib-0.2.11.jar!META-INF/rfb-plugin/gtnhlib.properties)
[00:40:35] [main/INFO] [LaunchWrapper]: Constructed RFB plugin hodgepodge@2.5.5 (Hodgepodge): com.mitchej123.hodgepodge.rfb.HodgepodgeRfbPlugin (jar:file:///S:/Minecraft%20Backup/Minecraft%20GTNH%20Server/Minecraft-GTNH-Server/./mods/hodgepodge-2.5.5.jar!META-INF/rfb-plugin/hodgepodge.properties)
[00:40:35] [main/INFO] [LaunchWrapper]: Constructed RFB plugin java@21.0.4 (Java): com.gtnewhorizons.rfbplugins.compat.DummyJavaPlugin (jar:file:/S:/Minecraft%20Backup/Minecraft%20GTNH%20Server/Minecraft-GTNH-Server/lwjgl3ify-forgePatches.jar!/com/gtnewhorizons/retrofuturabootstrap/plugin/PluginLoader.class)
[00:40:35] [main/INFO] [LaunchWrapper]: Constructed RFB plugin lwjgl3ify@2.0.9 (LWJGL3ify): me.eigenraven.lwjgl3ify.rfb.Lwjgl3ifyRfbPlugin (jar:file:///S:/Minecraft%20Backup/Minecraft%20GTNH%20Server/Minecraft-GTNH-Server/./mods/lwjgl3ify-2.0.9.jar!META-INF/rfb-plugin/lwjgl3ify.properties)
[00:40:35] [main/INFO] [LaunchWrapper]: Constructed RFB plugin rfb@1.0.2 (RetroFuturaBootstrap): com.gtnewhorizons.rfbplugins.compat.DummyRfbPlugin (jar:file:/S:/Minecraft%20Backup/Minecraft%20GTNH%20Server/Minecraft-GTNH-Server/lwjgl3ify-forgePatches.jar!/com/gtnewhorizons/retrofuturabootstrap/plugin/PluginLoader.class)
[00:40:35] [main/INFO] [LaunchWrapper]: Constructed RFB plugin rfb-asm-safety@1.0.2 (RFB ASM Safety): com.gtnewhorizons.rfbplugins.compat.AsmSafetyPlugin (jar:file:///S:/Minecraft%20Backup/Minecraft%20GTNH%20Server/Minecraft-GTNH-Server/lwjgl3ify-forgePatches.jar!META-INF/rfb-plugin/rfb-asm-safety.properties)
[00:40:35] [main/INFO] [LaunchWrapper]: Constructed RFB plugin rfb-modern-java@1.0.2 (RFB modern Java compatibility plugin): com.gtnewhorizons.rfbplugins.compat.ModernJavaCompatibilityPlugin (jar:file:///S:/Minecraft%20Backup/Minecraft%20GTNH%20Server/Minecraft-GTNH-Server/lwjgl3ify-forgePatches.jar!META-INF/rfb-plugin/rfb-modern-java.properties)
[00:40:35] [main/INFO] [LaunchWrapper]: Constructing tweaker cpw.mods.fml.common.launcher.FMLServerTweaker
[00:40:35] [main/INFO] [LaunchWrapper]: Installing tweaker cpw.mods.fml.common.launcher.FMLServerTweaker
[00:55:26] [main/INFO] [LaunchWrapper]: Successfully scanned 221 paths for RFB plugins.
[00:55:26] [main/INFO] [LaunchWrapper]: Constructed RFB plugin gtnhlib@0.2.11 (GTNHLib): com.gtnewhorizon.gtnhlib.rfb.GTNHLibRfbPlugin (jar:file:///S:/Minecraft%20Backup/Minecraft%20GTNH%20Server/Minecraft-GTNH-Server/./mods/gtnhlib-0.2.11.jar!META-INF/rfb-plugin/gtnhlib.properties)
[00:55:26] [main/INFO] [LaunchWrapper]: Constructed RFB plugin hodgepodge@2.5.5 (Hodgepodge): com.mitchej123.hodgepodge.rfb.HodgepodgeRfbPlugin (jar:file:///S:/Minecraft%20Backup/Minecraft%20GTNH%20Server/Minecraft-GTNH-Server/./mods/hodgepodge-2.5.5.jar!META-INF/rfb-plugin/hodgepodge.properties)
[00:55:26] [main/INFO] [LaunchWrapper]: Constructed RFB plugin java@21.0.4 (Java): com.gtnewhorizons.rfbplugins.compat.DummyJavaPlugin (jar:file:/S:/Minecraft%20Backup/Minecraft%20GTNH%20Server/Minecraft-GTNH-Server/lwjgl3ify-forgePatches.jar!/com/gtnewhorizons/retrofuturabootstrap/plugin/PluginLoader.class)
[00:55:26] [main/INFO] [LaunchWrapper]: Constructed RFB plugin lwjgl3ify@2.0.9 (LWJGL3ify): me.eigenraven.lwjgl3ify.rfb.Lwjgl3ifyRfbPlugin (jar:file:///S:/Minecraft%20Backup/Minecraft%20GTNH%20Server/Minecraft-GTNH-Server/./mods/lwjgl3ify-2.0.9.jar!META-INF/rfb-plugin/lwjgl3ify.properties)
[00:55:27] [main/INFO] [LaunchWrapper]: Constructed RFB plugin rfb@1.0.2 (RetroFuturaBootstrap): com.gtnewhorizons.rfbplugins.compat.DummyRfbPlugin (jar:file:/S:/Minecraft%20Backup/Minecraft%20GTNH%20Server/Minecraft-GTNH-Server/lwjgl3ify-forgePatches.jar!/com/gtnewhorizons/retrofuturabootstrap/plugin/PluginLoader.class)
[00:55:27] [main/INFO] [LaunchWrapper]: Constructed RFB plugin rfb-asm-safety@1.0.2 (RFB ASM Safety): com.gtnewhorizons.rfbplugins.compat.AsmSafetyPlugin (jar:file:///S:/Minecraft%20Backup/Minecraft%20GTNH%20Server/Minecraft-GTNH-Server/lwjgl3ify-forgePatches.jar!META-INF/rfb-plugin/rfb-asm-safety.properties)
[00:55:27] [main/INFO] [LaunchWrapper]: Constructed RFB plugin rfb-modern-java@1.0.2 (RFB modern Java compatibility plugin): com.gtnewhorizons.rfbplugins.compat.ModernJavaCompatibilityPlugin (jar:file:///S:/Minecraft%20Backup/Minecraft%20GTNH%20Server/Minecraft-GTNH-Server/lwjgl3ify-forgePatches.jar!META-INF/rfb-plugin/rfb-modern-java.properties)
[00:55:27] [main/INFO] [LaunchWrapper]: Constructing tweaker cpw.mods.fml.common.launcher.FMLServerTweaker
[00:55:27] [main/INFO] [LaunchWrapper]: Installing tweaker cpw.mods.fml.common.launcher.FMLServerTweaker
[01:00:58] [main/INFO] [LaunchWrapper]: Successfully scanned 221 paths for RFB plugins.
[01:00:58] [main/INFO] [LaunchWrapper]: Constructed RFB plugin gtnhlib@0.2.11 (GTNHLib): com.gtnewhorizon.gtnhlib.rfb.GTNHLibRfbPlugin (jar:file:///S:/Minecraft%20Backup/Minecraft%20GTNH%20Server/Minecraft-GTNH-Server/./mods/gtnhlib-0.2.11.jar!META-INF/rfb-plugin/gtnhlib.properties)
[01:00:58] [main/INFO] [LaunchWrapper]: Constructed RFB plugin hodgepodge@2.5.5 (Hodgepodge): com.mitchej123.hodgepodge.rfb.HodgepodgeRfbPlugin (jar:file:///S:/Minecraft%20Backup/Minecraft%20GTNH%20Server/Minecraft-GTNH-Server/./mods/hodgepodge-2.5.5.jar!META-INF/rfb-plugin/hodgepodge.properties)
[01:00:58] [main/INFO] [LaunchWrapper]: Constructed RFB plugin java@21.0.4 (Java): com.gtnewhorizons.rfbplugins.compat.DummyJavaPlugin (jar:file:/S:/Minecraft%20Backup/Minecraft%20GTNH%20Server/Minecraft-GTNH-Server/lwjgl3ify-forgePatches.jar!/com/gtnewhorizons/retrofuturabootstrap/plugin/PluginLoader.class)
[01:00:58] [main/INFO] [LaunchWrapper]: Constructed RFB plugin lwjgl3ify@2.0.9 (LWJGL3ify): me.eigenraven.lwjgl3ify.rfb.Lwjgl3ifyRfbPlugin (jar:file:///S:/Minecraft%20Backup/Minecraft%20GTNH%20Server/Minecraft-GTNH-Server/./mods/lwjgl3ify-2.0.9.jar!META-INF/rfb-plugin/lwjgl3ify.properties)
[01:00:58] [main/INFO] [LaunchWrapper]: Constructed RFB plugin rfb@1.0.2 (RetroFuturaBootstrap): com.gtnewhorizons.rfbplugins.compat.DummyRfbPlugin (jar:file:/S:/Minecraft%20Backup/Minecraft%20GTNH%20Server/Minecraft-GTNH-Server/lwjgl3ify-forgePatches.jar!/com/gtnewhorizons/retrofuturabootstrap/plugin/PluginLoader.class)
[01:00:58] [main/INFO] [LaunchWrapper]: Constructed RFB plugin rfb-asm-safety@1.0.2 (RFB ASM Safety): com.gtnewhorizons.rfbplugins.compat.AsmSafetyPlugin (jar:file:///S:/Minecraft%20Backup/Minecraft%20GTNH%20Server/Minecraft-GTNH-Server/lwjgl3ify-forgePatches.jar!META-INF/rfb-plugin/rfb-asm-safety.properties)
[01:00:58] [main/INFO] [LaunchWrapper]: Constructed RFB plugin rfb-modern-java@1.0.2 (RFB modern Java compatibility plugin): com.gtnewhorizons.rfbplugins.compat.ModernJavaCompatibilityPlugin (jar:file:///S:/Minecraft%20Backup/Minecraft%20GTNH%20Server/Minecraft-GTNH-Server/lwjgl3ify-forgePatches.jar!META-INF/rfb-plugin/rfb-modern-java.properties)
[01:00:58] [main/INFO] [LaunchWrapper]: Constructing tweaker cpw.mods.fml.common.launcher.FMLServerTweaker
[01:00:58] [main/INFO] [LaunchWrapper]: Installing tweaker cpw.mods.fml.common.launcher.FMLServerTweaker
[01:02:53] [main/INFO] [LaunchWrapper]: Successfully scanned 221 paths for RFB plugins.
[01:02:53] [main/INFO] [LaunchWrapper]: Constructed RFB plugin gtnhlib@0.2.11 (GTNHLib): com.gtnewhorizon.gtnhlib.rfb.GTNHLibRfbPlugin (jar:file:///S:/Minecraft%20Backup/Minecraft%20GTNH%20Server/Minecraft-GTNH-Server/./mods/gtnhlib-0.2.11.jar!META-INF/rfb-plugin/gtnhlib.properties)
[01:02:53] [main/INFO] [LaunchWrapper]: Constructed RFB plugin hodgepodge@2.5.5 (Hodgepodge): com.mitchej123.hodgepodge.rfb.HodgepodgeRfbPlugin (jar:file:///S:/Minecraft%20Backup/Minecraft%20GTNH%20Server/Minecraft-GTNH-Server/./mods/hodgepodge-2.5.5.jar!META-INF/rfb-plugin/hodgepodge.properties)
[01:02:53] [main/INFO] [LaunchWrapper]: Constructed RFB plugin java@21.0.4 (Java): com.gtnewhorizons.rfbplugins.compat.DummyJavaPlugin (jar:file:/S:/Minecraft%20Backup/Minecraft%20GTNH%20Server/Minecraft-GTNH-Server/lwjgl3ify-forgePatches.jar!/com/gtnewhorizons/retrofuturabootstrap/plugin/PluginLoader.class)
[01:02:53] [main/INFO] [LaunchWrapper]: Constructed RFB plugin lwjgl3ify@2.0.9 (LWJGL3ify): me.eigenraven.lwjgl3ify.rfb.Lwjgl3ifyRfbPlugin (jar:file:///S:/Minecraft%20Backup/Minecraft%20GTNH%20Server/Minecraft-GTNH-Server/./mods/lwjgl3ify-2.0.9.jar!META-INF/rfb-plugin/lwjgl3ify.properties)
[01:02:53] [main/INFO] [LaunchWrapper]: Constructed RFB plugin rfb@1.0.2 (RetroFuturaBootstrap): com.gtnewhorizons.rfbplugins.compat.DummyRfbPlugin (jar:file:/S:/Minecraft%20Backup/Minecraft%20GTNH%20Server/Minecraft-GTNH-Server/lwjgl3ify-forgePatches.jar!/com/gtnewhorizons/retrofuturabootstrap/plugin/PluginLoader.class)
[01:02:53] [main/INFO] [LaunchWrapper]: Constructed RFB plugin rfb-asm-safety@1.0.2 (RFB ASM Safety): com.gtnewhorizons.rfbplugins.compat.AsmSafetyPlugin (jar:file:///S:/Minecraft%20Backup/Minecraft%20GTNH%20Server/Minecraft-GTNH-Server/lwjgl3ify-forgePatches.jar!META-INF/rfb-plugin/rfb-asm-safety.properties)
[01:02:53] [main/INFO] [LaunchWrapper]: Constructed RFB plugin rfb-modern-java@1.0.2 (RFB modern Java compatibility plugin): com.gtnewhorizons.rfbplugins.compat.ModernJavaCompatibilityPlugin (jar:file:///S:/Minecraft%20Backup/Minecraft%20GTNH%20Server/Minecraft-GTNH-Server/lwjgl3ify-forgePatches.jar!META-INF/rfb-plugin/rfb-modern-java.properties)
[01:02:53] [main/INFO] [LaunchWrapper]: Constructing tweaker cpw.mods.fml.common.launcher.FMLServerTweaker
[01:02:53] [main/INFO] [LaunchWrapper]: Installing tweaker cpw.mods.fml.common.launcher.FMLServerTweaker
