14.09.2024 06:04:14.766 - [eu.usrv.legacylootgames.LootGamesDungeonLogger][INFO] - == LootGames logger initialized ==
14.09.2024 06:06:47.539 - [eu.usrv.legacylootgames.LootGamesDungeonLogger][INFO] - PuzzleDungeon spawned at -280 65 56 in Dimension 0
14.09.2024 06:13:16.258 - [eu.usrv.legacylootgames.LootGamesDungeonLogger][INFO] - == LootGames logger initialized ==
14.09.2024 06:41:40.329 - [eu.usrv.legacylootgames.LootGamesDungeonLogger][INFO] - PuzzleDungeon spawned at -168 54 -264 in Dimension 0
14.09.2024 07:00:40.922 - [eu.usrv.legacylootgames.LootGamesDungeonLogger][INFO] - PuzzleDungeon spawned at 152 41 -328 in Dimension 0
14.09.2024 07:10:11.523 - [eu.usrv.legacylootgames.LootGamesDungeonLogger][INFO] - PuzzleDungeon spawned at 152 60 -520 in Dimension 0
14.09.2024 07:10:17.203 - [eu.usrv.legacylootgames.LootGamesDungeonLogger][INFO] - PuzzleDungeon spawned at 40 61 -552 in Dimension 0
14.09.2024 07:13:07.007 - [eu.usrv.legacylootgames.LootGamesDungeonLogger][INFO] - PuzzleDungeon spawned at 344 70 -72 in Dimension 0
14.09.2024 08:29:10.914 - [eu.usrv.legacylootgames.LootGamesDungeonLogger][INFO] - PuzzleDungeon spawned at 408 85 -456 in Dimension 0
14.09.2024 08:29:40.695 - [eu.usrv.legacylootgames.LootGamesDungeonLogger][INFO] - PuzzleDungeon spawned at 472 70 -424 in Dimension 0
14.09.2024 08:29:40.770 - [eu.usrv.legacylootgames.LootGamesDungeonLogger][INFO] - PuzzleDungeon spawned at 472 62 -328 in Dimension 0
14.09.2024 08:30:52.278 - [eu.usrv.legacylootgames.LootGamesDungeonLogger][INFO] - PuzzleDungeon spawned at 552 71 -88 in Dimension 0
14.09.2024 08:41:08.704 - [eu.usrv.legacylootgames.LootGamesDungeonLogger][INFO] - PuzzleDungeon spawned at 232 52 264 in Dimension 0
14.09.2024 08:41:17.418 - [eu.usrv.legacylootgames.LootGamesDungeonLogger][INFO] - PuzzleDungeon spawned at -24 50 312 in Dimension 0
14.09.2024 08:44:04.188 - [eu.usrv.legacylootgames.LootGamesDungeonLogger][INFO] - PuzzleDungeon spawned at 24 118 472 in Dimension 0
14.09.2024 08:45:01.555 - [eu.usrv.legacylootgames.LootGamesDungeonLogger][INFO] - PuzzleDungeon spawned at -280 118 440 in Dimension 0
14.09.2024 08:52:22.352 - [eu.usrv.legacylootgames.LootGamesDungeonLogger][INFO] - PuzzleDungeon spawned at 408 51 456 in Dimension 0
14.09.2024 08:52:42.669 - [eu.usrv.legacylootgames.LootGamesDungeonLogger][INFO] - PuzzleDungeon spawned at 232 56 456 in Dimension 0
14.09.2024 08:54:58.603 - [eu.usrv.legacylootgames.LootGamesDungeonLogger][INFO] - PuzzleDungeon spawned at 264 72 600 in Dimension 0
14.09.2024 08:59:22.127 - [eu.usrv.legacylootgames.LootGamesDungeonLogger][INFO] - PuzzleDungeon spawned at 24 74 648 in Dimension 0
14.09.2024 08:59:50.921 - [eu.usrv.legacylootgames.LootGamesDungeonLogger][INFO] - PuzzleDungeon spawned at 312 118 760 in Dimension 0
14.09.2024 09:00:03.244 - [eu.usrv.legacylootgames.LootGamesDungeonLogger][INFO] - PuzzleDungeon spawned at 40 78 824 in Dimension 0
14.09.2024 09:02:04.501 - [eu.usrv.legacylootgames.LootGamesDungeonLogger][INFO] - PuzzleDungeon spawned at -136 59 632 in Dimension 0
14.09.2024 09:37:28.951 - [eu.usrv.legacylootgames.LootGamesDungeonLogger][INFO] - PuzzleDungeon spawned at 408 47 -648 in Dimension 0
14.09.2024 09:40:54.449 - [eu.usrv.legacylootgames.LootGamesDungeonLogger][INFO] - PuzzleDungeon spawned at 40 57 -648 in Dimension 0
14.09.2024 11:42:03.572 - [eu.usrv.legacylootgames.LootGamesDungeonLogger][INFO] - PuzzleDungeon spawned at -24 54 -792 in Dimension 0
14.09.2024 11:43:13.379 - [eu.usrv.legacylootgames.LootGamesDungeonLogger][INFO] - PuzzleDungeon spawned at 72 50 -1096 in Dimension 0
14.09.2024 11:43:38.161 - [eu.usrv.legacylootgames.LootGamesDungeonLogger][INFO] - PuzzleDungeon spawned at -24 48 -1160 in Dimension 0
15.09.2024 12:11:16.464 - [eu.usrv.legacylootgames.LootGamesDungeonLogger][INFO] - PuzzleDungeon spawned at 72 49 -1464 in Dimension 0
15.09.2024 12:12:49.746 - [eu.usrv.legacylootgames.LootGamesDungeonLogger][INFO] - PuzzleDungeon spawned at 296 82 -1496 in Dimension 0
15.09.2024 12:12:49.793 - [eu.usrv.legacylootgames.LootGamesDungeonLogger][INFO] - PuzzleDungeon spawned at 296 48 -1400 in Dimension 0
15.09.2024 12:24:01.182 - [eu.usrv.legacylootgames.LootGamesDungeonLogger][INFO] - PuzzleDungeon spawned at 56 58 -1560 in Dimension 0
15.09.2024 12:24:17.521 - [eu.usrv.legacylootgames.LootGamesDungeonLogger][INFO] - PuzzleDungeon spawned at 328 53 -1320 in Dimension 0
15.09.2024 12:26:38.377 - [eu.usrv.legacylootgames.LootGamesDungeonLogger][INFO] - PuzzleDungeon spawned at 344 59 -1144 in Dimension 0
15.09.2024 12:27:18.222 - [eu.usrv.legacylootgames.LootGamesDungeonLogger][INFO] - PuzzleDungeon spawned at 456 46 -1048 in Dimension 0
15.09.2024 12:28:43.340 - [eu.usrv.legacylootgames.LootGamesDungeonLogger][INFO] - PuzzleDungeon spawned at 472 52 -936 in Dimension 0
15.09.2024 02:27:39.267 - [eu.usrv.legacylootgames.LootGamesDungeonLogger][INFO] - PuzzleDungeon spawned at 680 62 -344 in Dimension 0
15.09.2024 02:28:56.396 - [eu.usrv.legacylootgames.LootGamesDungeonLogger][INFO] - PuzzleDungeon spawned at 936 55 -360 in Dimension 0
15.09.2024 02:29:33.008 - [eu.usrv.legacylootgames.LootGamesDungeonLogger][INFO] - PuzzleDungeon spawned at 1048 62 -232 in Dimension 0
15.09.2024 02:30:39.463 - [eu.usrv.legacylootgames.LootGamesDungeonLogger][INFO] - PuzzleDungeon spawned at 1064 63 -616 in Dimension 0
15.09.2024 02:31:59.800 - [eu.usrv.legacylootgames.LootGamesDungeonLogger][INFO] - PuzzleDungeon spawned at 792 74 -664 in Dimension 0
15.09.2024 10:45:53.099 - [eu.usrv.legacylootgames.LootGamesDungeonLogger][INFO] - == LootGames logger initialized ==
15.09.2024 11:27:03.130 - [eu.usrv.legacylootgames.LootGamesDungeonLogger][INFO] - == LootGames logger initialized ==
15.09.2024 12:16:44.274 - [eu.usrv.legacylootgames.LootGamesDungeonLogger][INFO] - PuzzleDungeon spawned at 584 35 -8 in Dimension 0
15.09.2024 12:16:58.604 - [eu.usrv.legacylootgames.LootGamesDungeonLogger][INFO] - PuzzleDungeon spawned at 632 42 152 in Dimension 0
15.09.2024 12:23:12.002 - [eu.usrv.legacylootgames.LootGamesDungeonLogger][INFO] - PuzzleDungeon spawned at 712 56 200 in Dimension 0
15.09.2024 06:27:12.578 - [eu.usrv.legacylootgames.LootGamesDungeonLogger][INFO] - PuzzleDungeon spawned at 1096 56 -168 in Dimension 0
15.09.2024 06:31:04.015 - [eu.usrv.legacylootgames.LootGamesDungeonLogger][INFO] - PuzzleDungeon spawned at 1096 48 -72 in Dimension 0
15.09.2024 07:03:31.462 - [eu.usrv.legacylootgames.LootGamesDungeonLogger][INFO] - PuzzleDungeon spawned at 568 73 -1352 in Dimension 0
16.09.2024 10:22:03.004 - [eu.usrv.legacylootgames.LootGamesDungeonLogger][INFO] - == LootGames logger initialized ==
16.09.2024 02:11:29.726 - [eu.usrv.legacylootgames.LootGamesDungeonLogger][INFO] - == LootGames logger initialized ==
16.09.2024 04:44:40.226 - [eu.usrv.legacylootgames.LootGamesDungeonLogger][INFO] - PuzzleDungeon spawned at 328 116 840 in Dimension 0
16.09.2024 04:47:39.252 - [eu.usrv.legacylootgames.LootGamesDungeonLogger][INFO] - PuzzleDungeon spawned at 440 77 872 in Dimension 0
16.09.2024 04:50:41.585 - [eu.usrv.legacylootgames.LootGamesDungeonLogger][INFO] - PuzzleDungeon spawned at 440 44 968 in Dimension 0
16.09.2024 04:57:58.898 - [eu.usrv.legacylootgames.LootGamesDungeonLogger][INFO] - PuzzleDungeon spawned at 536 55 568 in Dimension 0
16.09.2024 09:26:23.900 - [eu.usrv.legacylootgames.LootGamesDungeonLogger][INFO] - PuzzleDungeon spawned at 728 67 376 in Dimension 0
16.09.2024 09:51:20.712 - [eu.usrv.legacylootgames.LootGamesDungeonLogger][INFO] - PuzzleDungeon spawned at 808 54 520 in Dimension 0
16.09.2024 09:52:09.522 - [eu.usrv.legacylootgames.LootGamesDungeonLogger][INFO] - PuzzleDungeon spawned at 808 57 616 in Dimension 0
16.09.2024 10:14:25.031 - [eu.usrv.legacylootgames.LootGamesDungeonLogger][INFO] - PuzzleDungeon spawned at 1016 55 600 in Dimension 0
16.09.2024 10:16:06.694 - [eu.usrv.legacylootgames.LootGamesDungeonLogger][INFO] - PuzzleDungeon spawned at 1064 74 760 in Dimension 0
16.09.2024 11:06:23.331 - [eu.usrv.legacylootgames.LootGamesDungeonLogger][INFO] - PuzzleDungeon spawned at 8 52 -1624 in Dimension 0
17.09.2024 12:25:12.662 - [eu.usrv.legacylootgames.LootGamesDungeonLogger][INFO] - == LootGames logger initialized ==
17.09.2024 12:33:41.882 - [eu.usrv.legacylootgames.LootGamesDungeonLogger][INFO] - == LootGames logger initialized ==
17.09.2024 12:56:17.687 - [eu.usrv.legacylootgames.LootGamesDungeonLogger][INFO] - == LootGames logger initialized ==
17.09.2024 01:03:45.553 - [eu.usrv.legacylootgames.LootGamesDungeonLogger][INFO] - == LootGames logger initialized ==
